Command line invocation:
    /Applications/Xcode.app/Contents/Developer/usr/bin/xcodebuild build -project InvestSimulator_v2.xcodeproj -scheme InvestSimulator_v2 -destination "generic/platform=iOS Simulator"

Resolve Package Graph


Resolved source packages:
  swift-concurrency-extras: https://github.com/pointfreeco/swift-concurrency-extras @ 1.3.2
  swift-asn1: https://github.com/apple/swift-asn1.git @ 1.5.0
  Supabase: https://github.com/supabase/supabase-swift @ 2.37.0
  swift-http-types: https://github.com/apple/swift-http-types.git @ 1.5.1
  xctest-dynamic-overlay: https://github.com/pointfreeco/xctest-dynamic-overlay @ 1.7.0
  swift-crypto: https://github.com/apple/swift-crypto.git @ 4.1.0
  swift-clocks: https://github.com/pointfreeco/swift-clocks @ 1.0.6

ComputePackagePrebuildTargetDependencyGraph

Prepare packages

CreateBuildRequest

SendProjectDescription

CreateBuildOperation

ComputeTargetDependencyGraph
note: Building targets in dependency order
note: Target dependency graph (26 targets)
    Target 'InvestSimulator_v2' in project 'InvestSimulator_v2'
        ➜ Explicit dependency on target 'Supabase' in project 'Supabase'
        ➜ Explicit dependency on target 'PostgREST' in project 'Supabase'
        ➜ Explicit dependency on target 'Functions' in project 'Supabase'
        ➜ Explicit dependency on target 'Auth' in project 'Supabase'
    Target 'Auth' in project 'Supabase'
        ➜ Explicit dependency on target 'Auth' in project 'Supabase'
        ➜ Explicit dependency on target 'Helpers' in project 'Supabase'
        ➜ Explicit dependency on target 'ConcurrencyExtras' in project 'swift-concurrency-extras'
        ➜ Explicit dependency on target 'HTTPTypes' in project 'swift-http-types'
        ➜ Explicit dependency on target 'Clocks' in project 'swift-clocks'
        ➜ Explicit dependency on target 'XCTestDynamicOverlay' in project 'xctest-dynamic-overlay'
        ➜ Explicit dependency on target 'Crypto' in project 'swift-crypto'
    Target 'Functions' in project 'Supabase'
        ➜ Explicit dependency on target 'Functions' in project 'Supabase'
        ➜ Explicit dependency on target 'Helpers' in project 'Supabase'
        ➜ Explicit dependency on target 'ConcurrencyExtras' in project 'swift-concurrency-extras'
        ➜ Explicit dependency on target 'HTTPTypes' in project 'swift-http-types'
        ➜ Explicit dependency on target 'Clocks' in project 'swift-clocks'
        ➜ Explicit dependency on target 'XCTestDynamicOverlay' in project 'xctest-dynamic-overlay'
    Target 'PostgREST' in project 'Supabase'
        ➜ Explicit dependency on target 'PostgREST' in project 'Supabase'
        ➜ Explicit dependency on target 'Helpers' in project 'Supabase'
        ➜ Explicit dependency on target 'ConcurrencyExtras' in project 'swift-concurrency-extras'
        ➜ Explicit dependency on target 'HTTPTypes' in project 'swift-http-types'
        ➜ Explicit dependency on target 'Clocks' in project 'swift-clocks'
        ➜ Explicit dependency on target 'XCTestDynamicOverlay' in project 'xctest-dynamic-overlay'
    Target 'Supabase' in project 'Supabase'
        ➜ Explicit dependency on target 'Supabase' in project 'Supabase'
        ➜ Explicit dependency on target 'Functions' in project 'Supabase'
        ➜ Explicit dependency on target 'PostgREST' in project 'Supabase'
        ➜ Explicit dependency on target 'Auth' in project 'Supabase'
        ➜ Explicit dependency on target 'Realtime' in project 'Supabase'
        ➜ Explicit dependency on target 'Storage' in project 'Supabase'
        ➜ Explicit dependency on target 'Helpers' in project 'Supabase'
        ➜ Explicit dependency on target 'ConcurrencyExtras' in project 'swift-concurrency-extras'
        ➜ Explicit dependency on target 'HTTPTypes' in project 'swift-http-types'
        ➜ Explicit dependency on target 'Clocks' in project 'swift-clocks'
        ➜ Explicit dependency on target 'XCTestDynamicOverlay' in project 'xctest-dynamic-overlay'
        ➜ Explicit dependency on target 'Crypto' in project 'swift-crypto'
        ➜ Explicit dependency on target 'IssueReporting' in project 'xctest-dynamic-overlay'
    Target 'Supabase' in project 'Supabase'
        ➜ Explicit dependency on target 'Helpers' in project 'Supabase'
        ➜ Explicit dependency on target 'Auth' in project 'Supabase'
        ➜ Explicit dependency on target 'Functions' in project 'Supabase'
        ➜ Explicit dependency on target 'PostgREST' in project 'Supabase'
        ➜ Explicit dependency on target 'Realtime' in project 'Supabase'
        ➜ Explicit dependency on target 'Storage' in project 'Supabase'
        ➜ Explicit dependency on target 'ConcurrencyExtras' in project 'swift-concurrency-extras'
        ➜ Explicit dependency on target 'HTTPTypes' in project 'swift-http-types'
        ➜ Explicit dependency on target 'Clocks' in project 'swift-clocks'
        ➜ Explicit dependency on target 'XCTestDynamicOverlay' in project 'xctest-dynamic-overlay'
        ➜ Explicit dependency on target 'Crypto' in project 'swift-crypto'
        ➜ Explicit dependency on target 'IssueReporting' in project 'xctest-dynamic-overlay'
    Target 'Storage' in project 'Supabase'
        ➜ Explicit dependency on target 'Helpers' in project 'Supabase'
        ➜ Explicit dependency on target 'ConcurrencyExtras' in project 'swift-concurrency-extras'
        ➜ Explicit dependency on target 'HTTPTypes' in project 'swift-http-types'
        ➜ Explicit dependency on target 'Clocks' in project 'swift-clocks'
        ➜ Explicit dependency on target 'XCTestDynamicOverlay' in project 'xctest-dynamic-overlay'
    Target 'Realtime' in project 'Supabase'
        ➜ Explicit dependency on target 'Helpers' in project 'Supabase'
        ➜ Explicit dependency on target 'ConcurrencyExtras' in project 'swift-concurrency-extras'
        ➜ Explicit dependency on target 'HTTPTypes' in project 'swift-http-types'
        ➜ Explicit dependency on target 'Clocks' in project 'swift-clocks'
        ➜ Explicit dependency on target 'XCTestDynamicOverlay' in project 'xctest-dynamic-overlay'
        ➜ Explicit dependency on target 'IssueReporting' in project 'xctest-dynamic-overlay'
    Target 'PostgREST' in project 'Supabase'
        ➜ Explicit dependency on target 'Helpers' in project 'Supabase'
        ➜ Explicit dependency on target 'ConcurrencyExtras' in project 'swift-concurrency-extras'
        ➜ Explicit dependency on target 'HTTPTypes' in project 'swift-http-types'
        ➜ Explicit dependency on target 'Clocks' in project 'swift-clocks'
        ➜ Explicit dependency on target 'XCTestDynamicOverlay' in project 'xctest-dynamic-overlay'
    Target 'Functions' in project 'Supabase'
        ➜ Explicit dependency on target 'Helpers' in project 'Supabase'
        ➜ Explicit dependency on target 'ConcurrencyExtras' in project 'swift-concurrency-extras'
        ➜ Explicit dependency on target 'HTTPTypes' in project 'swift-http-types'
        ➜ Explicit dependency on target 'Clocks' in project 'swift-clocks'
        ➜ Explicit dependency on target 'XCTestDynamicOverlay' in project 'xctest-dynamic-overlay'
    Target 'Auth' in project 'Supabase'
        ➜ Explicit dependency on target 'Helpers' in project 'Supabase'
        ➜ Explicit dependency on target 'ConcurrencyExtras' in project 'swift-concurrency-extras'
        ➜ Explicit dependency on target 'HTTPTypes' in project 'swift-http-types'
        ➜ Explicit dependency on target 'Clocks' in project 'swift-clocks'
        ➜ Explicit dependency on target 'XCTestDynamicOverlay' in project 'xctest-dynamic-overlay'
        ➜ Explicit dependency on target 'Crypto' in project 'swift-crypto'
    Target 'Crypto' in project 'swift-crypto'
        ➜ Explicit dependency on target 'Crypto' in project 'swift-crypto'
        ➜ Explicit dependency on target 'swift-crypto_Crypto' in project 'swift-crypto'
    Target 'Crypto' in project 'swift-crypto'
        ➜ Explicit dependency on target 'swift-crypto_Crypto' in project 'swift-crypto'
    Target 'swift-crypto_Crypto' in project 'swift-crypto' (no dependencies)
    Target 'Helpers' in project 'Supabase'
        ➜ Explicit dependency on target 'ConcurrencyExtras' in project 'swift-concurrency-extras'
        ➜ Explicit dependency on target 'HTTPTypes' in project 'swift-http-types'
        ➜ Explicit dependency on target 'Clocks' in project 'swift-clocks'
        ➜ Explicit dependency on target 'XCTestDynamicOverlay' in project 'xctest-dynamic-overlay'
    Target 'XCTestDynamicOverlay' in project 'xctest-dynamic-overlay'
        ➜ Explicit dependency on target 'XCTestDynamicOverlay' in project 'xctest-dynamic-overlay'
        ➜ Explicit dependency on target 'IssueReportingPackageSupport' in project 'xctest-dynamic-overlay'
        ➜ Explicit dependency on target 'IssueReporting' in project 'xctest-dynamic-overlay'
    Target 'XCTestDynamicOverlay' in project 'xctest-dynamic-overlay'
        ➜ Explicit dependency on target 'IssueReportingPackageSupport' in project 'xctest-dynamic-overlay'
        ➜ Explicit dependency on target 'IssueReporting' in project 'xctest-dynamic-overlay'
    Target 'Clocks' in project 'swift-clocks'
        ➜ Explicit dependency on target 'Clocks' in project 'swift-clocks'
        ➜ Explicit dependency on target 'ConcurrencyExtras' in project 'swift-concurrency-extras'
        ➜ Explicit dependency on target 'IssueReporting' in project 'xctest-dynamic-overlay'
    Target 'Clocks' in project 'swift-clocks'
        ➜ Explicit dependency on target 'ConcurrencyExtras' in project 'swift-concurrency-extras'
        ➜ Explicit dependency on target 'IssueReporting' in project 'xctest-dynamic-overlay'
    Target 'IssueReporting' in project 'xctest-dynamic-overlay'
        ➜ Explicit dependency on target 'IssueReporting' in project 'xctest-dynamic-overlay'
        ➜ Explicit dependency on target 'IssueReportingPackageSupport' in project 'xctest-dynamic-overlay'
    Target 'IssueReporting' in project 'xctest-dynamic-overlay'
        ➜ Explicit dependency on target 'IssueReportingPackageSupport' in project 'xctest-dynamic-overlay'
    Target 'IssueReportingPackageSupport' in project 'xctest-dynamic-overlay' (no dependencies)
    Target 'HTTPTypes' in project 'swift-http-types'
        ➜ Explicit dependency on target 'HTTPTypes' in project 'swift-http-types'
    Target 'HTTPTypes' in project 'swift-http-types' (no dependencies)
    Target 'ConcurrencyExtras' in project 'swift-concurrency-extras'
        ➜ Explicit dependency on target 'ConcurrencyExtras' in project 'swift-concurrency-extras'
    Target 'ConcurrencyExtras' in project 'swift-concurrency-extras' (no dependencies)

GatherProvisioningInputs

CreateBuildDescription

ExecuteExternalTool /Applications/Xcode.app/Contents/Developer/Toolchains/XcodeDefault.xctoolchain/usr/bin/swiftc --version

ExecuteExternalTool /Applications/Xcode.app/Contents/Developer/Toolchains/XcodeDefault.xctoolchain/usr/bin/clang -v -E -dM -isysroot /Applications/Xcode.app/Contents/Developer/Platforms/iPhoneSimulator.platform/Developer/SDKs/iPhoneSimulator26.0.sdk -x c -c /dev/null

ExecuteExternalTool /Applications/Xcode.app/Contents/Developer/usr/bin/momc --dry-run --action generate --swift-version 5.0 --sdkroot /Applications/Xcode.app/Contents/Developer/Platforms/iPhoneSimulator.platform/Developer/SDKs/iPhoneSimulator26.0.sdk --iphonesimulator-deployment-target 17.0 --module InvestSimulator_v2 /Users/burak/Yedek/InvestSimulator_v2_21.11.2025/InvestSimModel.xcdatamodeld /Users/burak/Library/Developer/Xcode/DerivedData/InvestSimulator_v2-cxmhrzfyxyrxgrfkfbjdkbhplrea/Build/Intermediates.noindex/InvestSimulator_v2.build/Debug-iphonesimulator/InvestSimulator_v2.build/DerivedSources/CoreDataGenerated/InvestSimModel

ExecuteExternalTool /Applications/Xcode.app/Contents/Developer/usr/bin/actool --print-asset-tag-combinations --output-format xml1 /Users/burak/Yedek/InvestSimulator_v2_21.11.2025/InvestSimulator_v2/Assets.xcassets

ExecuteExternalTool /Applications/Xcode.app/Contents/Developer/usr/bin/actool --version --output-format xml1

ExecuteExternalTool /Applications/Xcode.app/Contents/Developer/Toolchains/XcodeDefault.xctoolchain/usr/bin/ld -version_details

ReadFileContents /Applications/Xcode.app/Contents/Developer/Toolchains/XcodeDefault.xctoolchain/usr/share/docc/features.json

Build description signature: 463f50be25e0cb96ff24899e323650ac
Build description path: /Users/burak/Library/Developer/Xcode/DerivedData/InvestSimulator_v2-cxmhrzfyxyrxgrfkfbjdkbhplrea/Build/Intermediates.noindex/XCBuildData/463f50be25e0cb96ff24899e323650ac.xcbuilddata
ClangStatCache /Applications/Xcode.app/Contents/Developer/Toolchains/XcodeDefault.xctoolchain/usr/bin/clang-stat-cache /Applications/Xcode.app/Contents/Developer/Platforms/iPhoneSimulator.platform/Developer/SDKs/iPhoneSimulator26.0.sdk /Users/burak/Library/Developer/Xcode/DerivedData/SDKStatCaches.noindex/iphonesimulator26.0-23A339-26257891a6c027eb51374368541b8346.sdkstatcache
    cd /Users/burak/Yedek/InvestSimulator_v2_21.11.2025/InvestSimulator_v2.xcodeproj
    /Applications/Xcode.app/Contents/Developer/Toolchains/XcodeDefault.xctoolchain/usr/bin/clang-stat-cache /Applications/Xcode.app/Contents/Developer/Platforms/iPhoneSimulator.platform/Developer/SDKs/iPhoneSimulator26.0.sdk -o /Users/burak/Library/Developer/Xcode/DerivedData/SDKStatCaches.noindex/iphonesimulator26.0-23A339-26257891a6c027eb51374368541b8346.sdkstatcache

ProcessInfoPlistFile /Users/burak/Library/Developer/Xcode/DerivedData/InvestSimulator_v2-cxmhrzfyxyrxgrfkfbjdkbhplrea/Build/Products/Debug-iphonesimulator/swift-crypto_Crypto.bundle/Info.plist /Users/burak/Library/Developer/Xcode/DerivedData/InvestSimulator_v2-cxmhrzfyxyrxgrfkfbjdkbhplrea/Build/Intermediates.noindex/swift-crypto.build/Debug-iphonesimulator/swift-crypto_Crypto.build/empty-swift-crypto_Crypto.plist (in target 'swift-crypto_Crypto' from project 'swift-crypto')
    cd /Users/burak/Library/Developer/Xcode/DerivedData/InvestSimulator_v2-cxmhrzfyxyrxgrfkfbjdkbhplrea/SourcePackages/checkouts/swift-crypto
    builtin-infoPlistUtility /Users/burak/Library/Developer/Xcode/DerivedData/InvestSimulator_v2-cxmhrzfyxyrxgrfkfbjdkbhplrea/Build/Intermediates.noindex/swift-crypto.build/Debug-iphonesimulator/swift-crypto_Crypto.build/empty-swift-crypto_Crypto.plist -producttype com.apple.product-type.bundle -expandbuildsettings -format binary -platform iphonesimulator -o /Users/burak/Library/Developer/Xcode/DerivedData/InvestSimulator_v2-cxmhrzfyxyrxgrfkfbjdkbhplrea/Build/Products/Debug-iphonesimulator/swift-crypto_Crypto.bundle/Info.plist

ProcessProductPackaging "" /Users/burak/Library/Developer/Xcode/DerivedData/InvestSimulator_v2-cxmhrzfyxyrxgrfkfbjdkbhplrea/Build/Intermediates.noindex/InvestSimulator_v2.build/Debug-iphonesimulator/InvestSimulator_v2.build/InvestSimulator_v2.app-Simulated.xcent (in target 'InvestSimulator_v2' from project 'InvestSimulator_v2')
    cd /Users/burak/Yedek/InvestSimulator_v2_21.11.2025
    
    Entitlements:
    
    {
    "application-identifier" = "FAKETEAMID.com.InvestSimulator-v2";
}
    
    builtin-productPackagingUtility -entitlements -format xml -o /Users/burak/Library/Developer/Xcode/DerivedData/InvestSimulator_v2-cxmhrzfyxyrxgrfkfbjdkbhplrea/Build/Intermediates.noindex/InvestSimulator_v2.build/Debug-iphonesimulator/InvestSimulator_v2.build/InvestSimulator_v2.app-Simulated.xcent

ProcessProductPackagingDER /Users/burak/Library/Developer/Xcode/DerivedData/InvestSimulator_v2-cxmhrzfyxyrxgrfkfbjdkbhplrea/Build/Intermediates.noindex/InvestSimulator_v2.build/Debug-iphonesimulator/InvestSimulator_v2.build/InvestSimulator_v2.app-Simulated.xcent /Users/burak/Library/Developer/Xcode/DerivedData/InvestSimulator_v2-cxmhrzfyxyrxgrfkfbjdkbhplrea/Build/Intermediates.noindex/InvestSimulator_v2.build/Debug-iphonesimulator/InvestSimulator_v2.build/InvestSimulator_v2.app-Simulated.xcent.der (in target 'InvestSimulator_v2' from project 'InvestSimulator_v2')
    cd /Users/burak/Yedek/InvestSimulator_v2_21.11.2025
    /usr/bin/derq query -f xml -i /Users/burak/Library/Developer/Xcode/DerivedData/InvestSimulator_v2-cxmhrzfyxyrxgrfkfbjdkbhplrea/Build/Intermediates.noindex/InvestSimulator_v2.build/Debug-iphonesimulator/InvestSimulator_v2.build/InvestSimulator_v2.app-Simulated.xcent -o /Users/burak/Library/Developer/Xcode/DerivedData/InvestSimulator_v2-cxmhrzfyxyrxgrfkfbjdkbhplrea/Build/Intermediates.noindex/InvestSimulator_v2.build/Debug-iphonesimulator/InvestSimulator_v2.build/InvestSimulator_v2.app-Simulated.xcent.der --raw

SwiftDriver InvestSimulator_v2 normal x86_64 com.apple.xcode.tools.swift.compiler (in target 'InvestSimulator_v2' from project 'InvestSimulator_v2')
    cd /Users/burak/Yedek/InvestSimulator_v2_21.11.2025
    builtin-SwiftDriver -- /Applications/Xcode.app/Contents/Developer/Toolchains/XcodeDefault.xctoolchain/usr/bin/swiftc -module-name InvestSimulator_v2 -Onone -enforce-exclusivity\=checked @/Users/burak/Library/Developer/Xcode/DerivedData/InvestSimulator_v2-cxmhrzfyxyrxgrfkfbjdkbhplrea/Build/Intermediates.noindex/InvestSimulator_v2.build/Debug-iphonesimulator/InvestSimulator_v2.build/Objects-normal/x86_64/InvestSimulator_v2.SwiftFileList -DDEBUG -default-isolation\=MainActor -enable-bare-slash-regex -enable-upcoming-feature DisableOutwardActorInference -enable-upcoming-feature InferSendableFromCaptures -enable-upcoming-feature GlobalActorIsolatedTypesUsability -enable-upcoming-feature MemberImportVisibility -enable-upcoming-feature InferIsolatedConformances -enable-upcoming-feature NonisolatedNonsendingByDefault -enable-experimental-feature DebugDescriptionMacro -sdk /Applications/Xcode.app/Contents/Developer/Platforms/iPhoneSimulator.platform/Developer/SDKs/iPhoneSimulator26.0.sdk -target x86_64-apple-ios17.0-simulator -g -module-cache-path /Users/burak/Library/Developer/Xcode/DerivedData/ModuleCache.noindex -Xfrontend -serialize-debugging-options -enable-testing -index-store-path /Users/burak/Library/Developer/Xcode/DerivedData/InvestSimulator_v2-cxmhrzfyxyrxgrfkfbjdkbhplrea/Index.noindex/DataStore -Xcc -D_LIBCPP_HARDENING_MODE\=_LIBCPP_HARDENING_MODE_DEBUG -swift-version 5 -I /Users/burak/Library/Developer/Xcode/DerivedData/InvestSimulator_v2-cxmhrzfyxyrxgrfkfbjdkbhplrea/Build/Products/Debug-iphonesimulator -F /Users/burak/Library/Developer/Xcode/DerivedData/InvestSimulator_v2-cxmhrzfyxyrxgrfkfbjdkbhplrea/Build/Products/Debug-iphonesimulator/PackageFrameworks -F /Users/burak/Library/Developer/Xcode/DerivedData/InvestSimulator_v2-cxmhrzfyxyrxgrfkfbjdkbhplrea/Build/Products/Debug-iphonesimulator/PackageFrameworks -F /Users/burak/Library/Developer/Xcode/DerivedData/InvestSimulator_v2-cxmhrzfyxyrxgrfkfbjdkbhplrea/Build/Products/Debug-iphonesimulator/PackageFrameworks -F /Users/burak/Library/Developer/Xcode/DerivedData/InvestSimulator_v2-cxmhrzfyxyrxgrfkfbjdkbhplrea/Build/Products/Debug-iphonesimulator/PackageFrameworks -F /Users/burak/Library/Developer/Xcode/DerivedData/InvestSimulator_v2-cxmhrzfyxyrxgrfkfbjdkbhplrea/Build/Products/Debug-iphonesimulator/PackageFrameworks -F /Users/burak/Library/Developer/Xcode/DerivedData/InvestSimulator_v2-cxmhrzfyxyrxgrfkfbjdkbhplrea/Build/Products/Debug-iphonesimulator/PackageFrameworks -F /Users/burak/Library/Developer/Xcode/DerivedData/InvestSimulator_v2-cxmhrzfyxyrxgrfkfbjdkbhplrea/Build/Products/Debug-iphonesimulator/PackageFrameworks -F /Users/burak/Library/Developer/Xcode/DerivedData/InvestSimulator_v2-cxmhrzfyxyrxgrfkfbjdkbhplrea/Build/Products/Debug-iphonesimulator/PackageFrameworks -F /Users/burak/Library/Developer/Xcode/DerivedData/InvestSimulator_v2-cxmhrzfyxyrxgrfkfbjdkbhplrea/Build/Products/Debug-iphonesimulator/PackageFrameworks -F /Users/burak/Library/Developer/Xcode/DerivedData/InvestSimulator_v2-cxmhrzfyxyrxgrfkfbjdkbhplrea/Build/Products/Debug-iphonesimulator/PackageFrameworks -F /Users/burak/Library/Developer/Xcode/DerivedData/InvestSimulator_v2-cxmhrzfyxyrxgrfkfbjdkbhplrea/Build/Products/Debug-iphonesimulator/PackageFrameworks -F /Users/burak/Library/Developer/Xcode/DerivedData/InvestSimulator_v2-cxmhrzfyxyrxgrfkfbjdkbhplrea/Build/Products/Debug-iphonesimulator/PackageFrameworks -F /Users/burak/Library/Developer/Xcode/DerivedData/InvestSimulator_v2-cxmhrzfyxyrxgrfkfbjdkbhplrea/Build/Products/Debug-iphonesimulator/PackageFrameworks -F /Users/burak/Library/Developer/Xcode/DerivedData/InvestSimulator_v2-cxmhrzfyxyrxgrfkfbjdkbhplrea/Build/Products/Debug-iphonesimulator/PackageFrameworks -F /Users/burak/Library/Developer/Xcode/DerivedData/InvestSimulator_v2-cxmhrzfyxyrxgrfkfbjdkbhplrea/Build/Products/Debug-iphonesimulator -emit-localized-strings -emit-localized-strings-path /Users/burak/Library/Developer/Xcode/DerivedData/InvestSimulator_v2-cxmhrzfyxyrxgrfkfbjdkbhplrea/Build/Intermediates.noindex/InvestSimulator_v2.build/Debug-iphonesimulator/InvestSimulator_v2.build/Objects-normal/x86_64 -c -j10 -enable-batch-mode -incremental -Xcc -ivfsstatcache -Xcc /Users/burak/Library/Developer/Xcode/DerivedData/SDKStatCaches.noindex/iphonesimulator26.0-23A339-26257891a6c027eb51374368541b8346.sdkstatcache -output-file-map /Users/burak/Library/Developer/Xcode/DerivedData/InvestSimulator_v2-cxmhrzfyxyrxgrfkfbjdkbhplrea/Build/Intermediates.noindex/InvestSimulator_v2.build/Debug-iphonesimulator/InvestSimulator_v2.build/Objects-normal/x86_64/InvestSimulator_v2-OutputFileMap.json -use-frontend-parseable-output -save-temps -no-color-diagnostics -explicit-module-build -module-cache-path /Users/burak/Library/Developer/Xcode/DerivedData/InvestSimulator_v2-cxmhrzfyxyrxgrfkfbjdkbhplrea/Build/Intermediates.noindex/SwiftExplicitPrecompiledModules -clang-scanner-module-cache-path /Users/burak/Library/Developer/Xcode/DerivedData/ModuleCache.noindex -sdk-module-cache-path /Users/burak/Library/Developer/Xcode/DerivedData/ModuleCache.noindex -serialize-diagnostics -emit-dependencies -emit-module -emit-module-path /Users/burak/Library/Developer/Xcode/DerivedData/InvestSimulator_v2-cxmhrzfyxyrxgrfkfbjdkbhplrea/Build/Intermediates.noindex/InvestSimulator_v2.build/Debug-iphonesimulator/InvestSimulator_v2.build/Objects-normal/x86_64/InvestSimulator_v2.swiftmodule -validate-clang-modules-once -clang-build-session-file /Users/burak/Library/Developer/Xcode/DerivedData/ModuleCache.noindex/Session.modulevalidation -Xcc -I/Users/burak/Library/Developer/Xcode/DerivedData/InvestSimulator_v2-cxmhrzfyxyrxgrfkfbjdkbhplrea/Build/Intermediates.noindex/InvestSimulator_v2.build/Debug-iphonesimulator/InvestSimulator_v2.build/swift-overrides.hmap -emit-const-values -Xfrontend -const-gather-protocols-file -Xfrontend /Users/burak/Library/Developer/Xcode/DerivedData/InvestSimulator_v2-cxmhrzfyxyrxgrfkfbjdkbhplrea/Build/Intermediates.noindex/InvestSimulator_v2.build/Debug-iphonesimulator/InvestSimulator_v2.build/Objects-normal/x86_64/InvestSimulator_v2_const_extract_protocols.json -Xcc -iquote -Xcc /Users/burak/Library/Developer/Xcode/DerivedData/InvestSimulator_v2-cxmhrzfyxyrxgrfkfbjdkbhplrea/Build/Intermediates.noindex/InvestSimulator_v2.build/Debug-iphonesimulator/InvestSimulator_v2.build/InvestSimulator_v2-generated-files.hmap -Xcc -I/Users/burak/Library/Developer/Xcode/DerivedData/InvestSimulator_v2-cxmhrzfyxyrxgrfkfbjdkbhplrea/Build/Intermediates.noindex/InvestSimulator_v2.build/Debug-iphonesimulator/InvestSimulator_v2.build/InvestSimulator_v2-own-target-headers.hmap -Xcc -I/Users/burak/Library/Developer/Xcode/DerivedData/InvestSimulator_v2-cxmhrzfyxyrxgrfkfbjdkbhplrea/Build/Intermediates.noindex/InvestSimulator_v2.build/Debug-iphonesimulator/InvestSimulator_v2.build/InvestSimulator_v2-all-non-framework-target-headers.hmap -Xcc -ivfsoverlay -Xcc /Users/burak/Library/Developer/Xcode/DerivedData/InvestSimulator_v2-cxmhrzfyxyrxgrfkfbjdkbhplrea/Build/Intermediates.noindex/InvestSimulator_v2.build/Debug-iphonesimulator/InvestSimulator_v2-ddac896a405e7d9b1641341a55757cb5-VFS-iphonesimulator/all-product-headers.yaml -Xcc -iquote -Xcc /Users/burak/Library/Developer/Xcode/DerivedData/InvestSimulator_v2-cxmhrzfyxyrxgrfkfbjdkbhplrea/Build/Intermediates.noindex/InvestSimulator_v2.build/Debug-iphonesimulator/InvestSimulator_v2.build/InvestSimulator_v2-project-headers.hmap -Xcc -I/Users/burak/Library/Developer/Xcode/DerivedData/InvestSimulator_v2-cxmhrzfyxyrxgrfkfbjdkbhplrea/Build/Products/Debug-iphonesimulator/include -Xcc -I/Users/burak/Library/Developer/Xcode/DerivedData/InvestSimulator_v2-cxmhrzfyxyrxgrfkfbjdkbhplrea/Build/Intermediates.noindex/InvestSimulator_v2.build/Debug-iphonesimulator/InvestSimulator_v2.build/DerivedSources-normal/x86_64 -Xcc -I/Users/burak/Library/Developer/Xcode/DerivedData/InvestSimulator_v2-cxmhrzfyxyrxgrfkfbjdkbhplrea/Build/Intermediates.noindex/InvestSimulator_v2.build/Debug-iphonesimulator/InvestSimulator_v2.build/DerivedSources/x86_64 -Xcc -I/Users/burak/Library/Developer/Xcode/DerivedData/InvestSimulator_v2-cxmhrzfyxyrxgrfkfbjdkbhplrea/Build/Intermediates.noindex/InvestSimulator_v2.build/Debug-iphonesimulator/InvestSimulator_v2.build/DerivedSources -Xcc -DDEBUG\=1 -emit-objc-header -emit-objc-header-path /Users/burak/Library/Developer/Xcode/DerivedData/InvestSimulator_v2-cxmhrzfyxyrxgrfkfbjdkbhplrea/Build/Intermediates.noindex/InvestSimulator_v2.build/Debug-iphonesimulator/InvestSimulator_v2.build/Objects-normal/x86_64/InvestSimulator_v2-Swift.h -working-directory /Users/burak/Yedek/InvestSimulator_v2_21.11.2025 -experimental-emit-module-separately -disable-cmo

SwiftDriver InvestSimulator_v2 normal arm64 com.apple.xcode.tools.swift.compiler (in target 'InvestSimulator_v2' from project 'InvestSimulator_v2')
    cd /Users/burak/Yedek/InvestSimulator_v2_21.11.2025
    builtin-SwiftDriver -- /Applications/Xcode.app/Contents/Developer/Toolchains/XcodeDefault.xctoolchain/usr/bin/swiftc -module-name InvestSimulator_v2 -Onone -enforce-exclusivity\=checked @/Users/burak/Library/Developer/Xcode/DerivedData/InvestSimulator_v2-cxmhrzfyxyrxgrfkfbjdkbhplrea/Build/Intermediates.noindex/InvestSimulator_v2.build/Debug-iphonesimulator/InvestSimulator_v2.build/Objects-normal/arm64/InvestSimulator_v2.SwiftFileList -DDEBUG -default-isolation\=MainActor -enable-bare-slash-regex -enable-upcoming-feature DisableOutwardActorInference -enable-upcoming-feature InferSendableFromCaptures -enable-upcoming-feature GlobalActorIsolatedTypesUsability -enable-upcoming-feature MemberImportVisibility -enable-upcoming-feature InferIsolatedConformances -enable-upcoming-feature NonisolatedNonsendingByDefault -enable-experimental-feature DebugDescriptionMacro -sdk /Applications/Xcode.app/Contents/Developer/Platforms/iPhoneSimulator.platform/Developer/SDKs/iPhoneSimulator26.0.sdk -target arm64-apple-ios17.0-simulator -g -module-cache-path /Users/burak/Library/Developer/Xcode/DerivedData/ModuleCache.noindex -Xfrontend -serialize-debugging-options -enable-testing -index-store-path /Users/burak/Library/Developer/Xcode/DerivedData/InvestSimulator_v2-cxmhrzfyxyrxgrfkfbjdkbhplrea/Index.noindex/DataStore -Xcc -D_LIBCPP_HARDENING_MODE\=_LIBCPP_HARDENING_MODE_DEBUG -swift-version 5 -I /Users/burak/Library/Developer/Xcode/DerivedData/InvestSimulator_v2-cxmhrzfyxyrxgrfkfbjdkbhplrea/Build/Products/Debug-iphonesimulator -F /Users/burak/Library/Developer/Xcode/DerivedData/InvestSimulator_v2-cxmhrzfyxyrxgrfkfbjdkbhplrea/Build/Products/Debug-iphonesimulator/PackageFrameworks -F /Users/burak/Library/Developer/Xcode/DerivedData/InvestSimulator_v2-cxmhrzfyxyrxgrfkfbjdkbhplrea/Build/Products/Debug-iphonesimulator/PackageFrameworks -F /Users/burak/Library/Developer/Xcode/DerivedData/InvestSimulator_v2-cxmhrzfyxyrxgrfkfbjdkbhplrea/Build/Products/Debug-iphonesimulator/PackageFrameworks -F /Users/burak/Library/Developer/Xcode/DerivedData/InvestSimulator_v2-cxmhrzfyxyrxgrfkfbjdkbhplrea/Build/Products/Debug-iphonesimulator/PackageFrameworks -F /Users/burak/Library/Developer/Xcode/DerivedData/InvestSimulator_v2-cxmhrzfyxyrxgrfkfbjdkbhplrea/Build/Products/Debug-iphonesimulator/PackageFrameworks -F /Users/burak/Library/Developer/Xcode/DerivedData/InvestSimulator_v2-cxmhrzfyxyrxgrfkfbjdkbhplrea/Build/Products/Debug-iphonesimulator/PackageFrameworks -F /Users/burak/Library/Developer/Xcode/DerivedData/InvestSimulator_v2-cxmhrzfyxyrxgrfkfbjdkbhplrea/Build/Products/Debug-iphonesimulator/PackageFrameworks -F /Users/burak/Library/Developer/Xcode/DerivedData/InvestSimulator_v2-cxmhrzfyxyrxgrfkfbjdkbhplrea/Build/Products/Debug-iphonesimulator/PackageFrameworks -F /Users/burak/Library/Developer/Xcode/DerivedData/InvestSimulator_v2-cxmhrzfyxyrxgrfkfbjdkbhplrea/Build/Products/Debug-iphonesimulator/PackageFrameworks -F /Users/burak/Library/Developer/Xcode/DerivedData/InvestSimulator_v2-cxmhrzfyxyrxgrfkfbjdkbhplrea/Build/Products/Debug-iphonesimulator/PackageFrameworks -F /Users/burak/Library/Developer/Xcode/DerivedData/InvestSimulator_v2-cxmhrzfyxyrxgrfkfbjdkbhplrea/Build/Products/Debug-iphonesimulator/PackageFrameworks -F /Users/burak/Library/Developer/Xcode/DerivedData/InvestSimulator_v2-cxmhrzfyxyrxgrfkfbjdkbhplrea/Build/Products/Debug-iphonesimulator/PackageFrameworks -F /Users/burak/Library/Developer/Xcode/DerivedData/InvestSimulator_v2-cxmhrzfyxyrxgrfkfbjdkbhplrea/Build/Products/Debug-iphonesimulator/PackageFrameworks -F /Users/burak/Library/Developer/Xcode/DerivedData/InvestSimulator_v2-cxmhrzfyxyrxgrfkfbjdkbhplrea/Build/Products/Debug-iphonesimulator/PackageFrameworks -F /Users/burak/Library/Developer/Xcode/DerivedData/InvestSimulator_v2-cxmhrzfyxyrxgrfkfbjdkbhplrea/Build/Products/Debug-iphonesimulator -emit-localized-strings -emit-localized-strings-path /Users/burak/Library/Developer/Xcode/DerivedData/InvestSimulator_v2-cxmhrzfyxyrxgrfkfbjdkbhplrea/Build/Intermediates.noindex/InvestSimulator_v2.build/Debug-iphonesimulator/InvestSimulator_v2.build/Objects-normal/arm64 -c -j10 -enable-batch-mode -incremental -Xcc -ivfsstatcache -Xcc /Users/burak/Library/Developer/Xcode/DerivedData/SDKStatCaches.noindex/iphonesimulator26.0-23A339-26257891a6c027eb51374368541b8346.sdkstatcache -output-file-map /Users/burak/Library/Developer/Xcode/DerivedData/InvestSimulator_v2-cxmhrzfyxyrxgrfkfbjdkbhplrea/Build/Intermediates.noindex/InvestSimulator_v2.build/Debug-iphonesimulator/InvestSimulator_v2.build/Objects-normal/arm64/InvestSimulator_v2-OutputFileMap.json -use-frontend-parseable-output -save-temps -no-color-diagnostics -explicit-module-build -module-cache-path /Users/burak/Library/Developer/Xcode/DerivedData/InvestSimulator_v2-cxmhrzfyxyrxgrfkfbjdkbhplrea/Build/Intermediates.noindex/SwiftExplicitPrecompiledModules -clang-scanner-module-cache-path /Users/burak/Library/Developer/Xcode/DerivedData/ModuleCache.noindex -sdk-module-cache-path /Users/burak/Library/Developer/Xcode/DerivedData/ModuleCache.noindex -serialize-diagnostics -emit-dependencies -emit-module -emit-module-path /Users/burak/Library/Developer/Xcode/DerivedData/InvestSimulator_v2-cxmhrzfyxyrxgrfkfbjdkbhplrea/Build/Intermediates.noindex/InvestSimulator_v2.build/Debug-iphonesimulator/InvestSimulator_v2.build/Objects-normal/arm64/InvestSimulator_v2.swiftmodule -validate-clang-modules-once -clang-build-session-file /Users/burak/Library/Developer/Xcode/DerivedData/ModuleCache.noindex/Session.modulevalidation -Xcc -I/Users/burak/Library/Developer/Xcode/DerivedData/InvestSimulator_v2-cxmhrzfyxyrxgrfkfbjdkbhplrea/Build/Intermediates.noindex/InvestSimulator_v2.build/Debug-iphonesimulator/InvestSimulator_v2.build/swift-overrides.hmap -emit-const-values -Xfrontend -const-gather-protocols-file -Xfrontend /Users/burak/Library/Developer/Xcode/DerivedData/InvestSimulator_v2-cxmhrzfyxyrxgrfkfbjdkbhplrea/Build/Intermediates.noindex/InvestSimulator_v2.build/Debug-iphonesimulator/InvestSimulator_v2.build/Objects-normal/arm64/InvestSimulator_v2_const_extract_protocols.json -Xcc -iquote -Xcc /Users/burak/Library/Developer/Xcode/DerivedData/InvestSimulator_v2-cxmhrzfyxyrxgrfkfbjdkbhplrea/Build/Intermediates.noindex/InvestSimulator_v2.build/Debug-iphonesimulator/InvestSimulator_v2.build/InvestSimulator_v2-generated-files.hmap -Xcc -I/Users/burak/Library/Developer/Xcode/DerivedData/InvestSimulator_v2-cxmhrzfyxyrxgrfkfbjdkbhplrea/Build/Intermediates.noindex/InvestSimulator_v2.build/Debug-iphonesimulator/InvestSimulator_v2.build/InvestSimulator_v2-own-target-headers.hmap -Xcc -I/Users/burak/Library/Developer/Xcode/DerivedData/InvestSimulator_v2-cxmhrzfyxyrxgrfkfbjdkbhplrea/Build/Intermediates.noindex/InvestSimulator_v2.build/Debug-iphonesimulator/InvestSimulator_v2.build/InvestSimulator_v2-all-non-framework-target-headers.hmap -Xcc -ivfsoverlay -Xcc /Users/burak/Library/Developer/Xcode/DerivedData/InvestSimulator_v2-cxmhrzfyxyrxgrfkfbjdkbhplrea/Build/Intermediates.noindex/InvestSimulator_v2.build/Debug-iphonesimulator/InvestSimulator_v2-ddac896a405e7d9b1641341a55757cb5-VFS-iphonesimulator/all-product-headers.yaml -Xcc -iquote -Xcc /Users/burak/Library/Developer/Xcode/DerivedData/InvestSimulator_v2-cxmhrzfyxyrxgrfkfbjdkbhplrea/Build/Intermediates.noindex/InvestSimulator_v2.build/Debug-iphonesimulator/InvestSimulator_v2.build/InvestSimulator_v2-project-headers.hmap -Xcc -I/Users/burak/Library/Developer/Xcode/DerivedData/InvestSimulator_v2-cxmhrzfyxyrxgrfkfbjdkbhplrea/Build/Products/Debug-iphonesimulator/include -Xcc -I/Users/burak/Library/Developer/Xcode/DerivedData/InvestSimulator_v2-cxmhrzfyxyrxgrfkfbjdkbhplrea/Build/Intermediates.noindex/InvestSimulator_v2.build/Debug-iphonesimulator/InvestSimulator_v2.build/DerivedSources-normal/arm64 -Xcc -I/Users/burak/Library/Developer/Xcode/DerivedData/InvestSimulator_v2-cxmhrzfyxyrxgrfkfbjdkbhplrea/Build/Intermediates.noindex/InvestSimulator_v2.build/Debug-iphonesimulator/InvestSimulator_v2.build/DerivedSources/arm64 -Xcc -I/Users/burak/Library/Developer/Xcode/DerivedData/InvestSimulator_v2-cxmhrzfyxyrxgrfkfbjdkbhplrea/Build/Intermediates.noindex/InvestSimulator_v2.build/Debug-iphonesimulator/InvestSimulator_v2.build/DerivedSources -Xcc -DDEBUG\=1 -emit-objc-header -emit-objc-header-path /Users/burak/Library/Developer/Xcode/DerivedData/InvestSimulator_v2-cxmhrzfyxyrxgrfkfbjdkbhplrea/Build/Intermediates.noindex/InvestSimulator_v2.build/Debug-iphonesimulator/InvestSimulator_v2.build/Objects-normal/arm64/InvestSimulator_v2-Swift.h -working-directory /Users/burak/Yedek/InvestSimulator_v2_21.11.2025 -experimental-emit-module-separately -disable-cmo

ProcessInfoPlistFile /Users/burak/Library/Developer/Xcode/DerivedData/InvestSimulator_v2-cxmhrzfyxyrxgrfkfbjdkbhplrea/Build/Products/Debug-iphonesimulator/InvestSimulator_v2.app/Info.plist /Users/burak/Library/Developer/Xcode/DerivedData/InvestSimulator_v2-cxmhrzfyxyrxgrfkfbjdkbhplrea/Build/Intermediates.noindex/InvestSimulator_v2.build/Debug-iphonesimulator/InvestSimulator_v2.build/empty-InvestSimulator_v2.plist (in target 'InvestSimulator_v2' from project 'InvestSimulator_v2')
    cd /Users/burak/Yedek/InvestSimulator_v2_21.11.2025
    builtin-infoPlistUtility /Users/burak/Library/Developer/Xcode/DerivedData/InvestSimulator_v2-cxmhrzfyxyrxgrfkfbjdkbhplrea/Build/Intermediates.noindex/InvestSimulator_v2.build/Debug-iphonesimulator/InvestSimulator_v2.build/empty-InvestSimulator_v2.plist -producttype com.apple.product-type.application -genpkginfo /Users/burak/Library/Developer/Xcode/DerivedData/InvestSimulator_v2-cxmhrzfyxyrxgrfkfbjdkbhplrea/Build/Products/Debug-iphonesimulator/InvestSimulator_v2.app/PkgInfo -expandbuildsettings -format binary -platform iphonesimulator -additionalcontentfile /Users/burak/Library/Developer/Xcode/DerivedData/InvestSimulator_v2-cxmhrzfyxyrxgrfkfbjdkbhplrea/Build/Intermediates.noindex/InvestSimulator_v2.build/Debug-iphonesimulator/InvestSimulator_v2.build/assetcatalog_generated_info.plist -scanforprivacyfile /Users/burak/Library/Developer/Xcode/DerivedData/InvestSimulator_v2-cxmhrzfyxyrxgrfkfbjdkbhplrea/Build/Products/Debug-iphonesimulator/InvestSimulator_v2.app/swift-crypto_Crypto.bundle -o /Users/burak/Library/Developer/Xcode/DerivedData/InvestSimulator_v2-cxmhrzfyxyrxgrfkfbjdkbhplrea/Build/Products/Debug-iphonesimulator/InvestSimulator_v2.app/Info.plist

SwiftEmitModule normal x86_64 Emitting\ module\ for\ InvestSimulator_v2 (in target 'InvestSimulator_v2' from project 'InvestSimulator_v2')

EmitSwiftModule normal x86_64 (in target 'InvestSimulator_v2' from project 'InvestSimulator_v2')
    cd /Users/burak/Yedek/InvestSimulator_v2_21.11.2025
    

SwiftEmitModule normal arm64 Emitting\ module\ for\ InvestSimulator_v2 (in target 'InvestSimulator_v2' from project 'InvestSimulator_v2')

EmitSwiftModule normal arm64 (in target 'InvestSimulator_v2' from project 'InvestSimulator_v2')
    cd /Users/burak/Yedek/InvestSimulator_v2_21.11.2025
    

SwiftCompile normal arm64 Compiling\ investsimulatorApp.swift /Users/burak/Yedek/InvestSimulator_v2_21.11.2025/investsimulatorApp.swift (in target 'InvestSimulator_v2' from project 'InvestSimulator_v2')
SwiftCompile normal arm64 /Users/burak/Yedek/InvestSimulator_v2_21.11.2025/investsimulatorApp.swift (in target 'InvestSimulator_v2' from project 'InvestSimulator_v2')
    cd /Users/burak/Yedek/InvestSimulator_v2_21.11.2025
    
/Users/burak/Yedek/InvestSimulator_v2_21.11.2025/investsimulatorApp.swift:22:21: error: cannot find 'OnboardingView' in scope
                    OnboardingView()
                    ^~~~~~~~~~~~~~
/Users/burak/Yedek/InvestSimulator_v2_21.11.2025/investsimulatorApp.swift:499:9: warning: result of 'try?' is unused
        try? coreDataStack.viewContext.execute(deleteRequest)
        ^~~~~~~~~~~~~~~~~~~~~~~~~~~~~~~~~~~~~~~~~~~~~~~~~~~~~

Failed frontend command:
/Applications/Xcode.app/Contents/Developer/Toolchains/XcodeDefault.xctoolchain/usr/bin/swift-frontend -frontend -c /Users/burak/Yedek/InvestSimulator_v2_21.11.2025/Components/Cards/ModernCard.swift /Users/burak/Yedek/InvestSimulator_v2_21.11.2025/Services/PriceAPI/WebSocket/Providers/TiingoWebSocketProvider.swift /Users/burak/Yedek/InvestSimulator_v2_21.11.2025/Services/PriceAPI/WebSocket/Providers/GoldAPIProvider.swift /Users/burak/Yedek/InvestSimulator_v2_21.11.2025/Services/PriceAPI/WebSocket/Providers/AlpacaWebSocketProvider.swift /Users/burak/Yedek/InvestSimulator_v2_21.11.2025/Components/Buttons/ModernButton.swift /Users/burak/Yedek/InvestSimulator_v2_21.11.2025/Services/Backend/BackendPriceService.swift /Users/burak/Yedek/InvestSimulator_v2_21.11.2025/DesignSystem/Spacing.swift /Users/burak/Yedek/InvestSimulator_v2_21.11.2025/DesignSystem/Typography.swift /Users/burak/Yedek/InvestSimulator_v2_21.11.2025/Models/ScenarioSnapshot.swift /Users/burak/Yedek/InvestSimulator_v2_21.11.2025/Services/PriceAPI/HistoricalPrice.swift /Users/burak/Yedek/InvestSimulator_v2_21.11.2025/Models/DCA/SimulationResult.swift /Users/burak/Yedek/InvestSimulator_v2_21.11.2025/Models/DTOs.swift /Users/burak/Yedek/InvestSimulator_v2_21.11.2025/Models/AssetDefinition.swift /Users/burak/Yedek/InvestSimulator_v2_21.11.2025/Models/AssetCatalog.swift /Users/burak/Yedek/InvestSimulator_v2_21.11.2025/Models/AssetDefaults.swift -primary-file /Users/burak/Yedek/InvestSimulator_v2_21.11.2025/investsimulatorApp.swift /Users/burak/Yedek/InvestSimulator_v2_21.11.2025/Models/DCAPlan.swift /Users/burak/Yedek/InvestSimulator_v2_21.11.2025/Services/AuthenticationManager.swift /Users/burak/Yedek/InvestSimulator_v2_21.11.2025/Services/UserDataManager.swift /Users/burak/Yedek/InvestSimulator_v2_21.11.2025/Services/Simulation/PortfolioCalculator.swift /Users/burak/Yedek/InvestSimulator_v2_21.11.2025/Views/DashboardView.swift /Users/burak/Yedek/InvestSimulator_v2_21.11.2025/Views/Senaryolar/DCAScenarioView.swift /Users/burak/Yedek/InvestSimulator_v2_21.11.2025/Views/Senaryolar/Components/AllocationSummaryCard.swift /Users/burak/Yedek/InvestSimulator_v2_21.11.2025/Services/AssetSync/USStocksSyncService.swift /Users/burak/Yedek/InvestSimulator_v2_21.11.2025/Views/Senaryolar/Components/AllocationRow.swift /Users/burak/Yedek/InvestSimulator_v2_21.11.2025/Views/PortfolioView.swift /Users/burak/Yedek/InvestSimulator_v2_21.11.2025/Views/RootTabView.swift /Users/burak/Yedek/InvestSimulator_v2_21.11.2025/Views/SettingsView.swift /Users/burak/Yedek/InvestSimulator_v2_21.11.2025/Views/Prices/PricesDashboardView.swift /Users/burak/Yedek/InvestSimulator_v2_21.11.2025/Views/Prices/AssetDefinitionManagerSheet.swift /Users/burak/Yedek/InvestSimulator_v2_21.11.2025/Views/Plans/PlansHomeView.swift /Users/burak/Yedek/InvestSimulator_v2_21.11.2025/Views/AddAssetSheet.swift /Users/burak/Yedek/InvestSimulator_v2_21.11.2025/Views/Senaryolar/Components/TemplateSaveSheet.swift /Users/burak/Yedek/InvestSimulator_v2_21.11.2025/Views/Senaryolar/Components/AllocationButtonsBar.swift /Users/burak/Yedek/InvestSimulator_v2_21.11.2025/Views/Senaryolar/Components/SummaryCardsView.swift /Users/burak/Yedek/InvestSimulator_v2_21.11.2025/Views/Senaryolar/Components/DealLogListView.swift /Users/burak/Yedek/InvestSimulator_v2_21.11.2025/Views/Senaryolar/Components/BreakdownTableView.swift /Users/burak/Yedek/InvestSimulator_v2_21.11.2025/Views/Senaryolar/Components/DayPickerSheet.swift /Users/burak/Yedek/InvestSimulator_v2_21.11.2025/Services/DCA/DCAEngine.swift /Users/burak/Yedek/InvestSimulator_v2_21.11.2025/Services/Notifications/PlanReminderScheduler.swift /Users/burak/Yedek/InvestSimulator_v2_21.11.2025/Services/PriceAPI/WebSocket/WebSocketPriceManager.swift /Users/burak/Yedek/InvestSimulator_v2_21.11.2025/Services/PriceAPI/WebSocket/Providers/BinanceWebSocketProvider.swift /Users/burak/Yedek/InvestSimulator_v2_21.11.2025/Services/PriceAPI/WebSocket/WebSocketModels.swift /Users/burak/Yedek/InvestSimulator_v2_21.11.2025/Views/Senaryolar/ScenariosHomeView.swift /Users/burak/Yedek/InvestSimulator_v2_21.11.2025/Services/AppContainer.swift /Users/burak/Yedek/InvestSimulator_v2_21.11.2025/Services/AssetSync/BISTSyncService.swift /Users/burak/Yedek/InvestSimulator_v2_21.11.2025/Services/AssetSync/AssetSyncScheduler.swift /Users/burak/Yedek/InvestSimulator_v2_21.11.2025/Services/AssetSync/TEFASSyncService.swift /Users/burak/Yedek/InvestSimulator_v2_21.11.2025/Services/AssetSync/AssetCatalogManager.swift /Users/burak/Yedek/InvestSimulator_v2_21.11.2025/Services/PriceAPI/APIKeyManager.swift /Users/burak/Yedek/InvestSimulator_v2_21.11.2025/Services/PortfolioManager.swift /Users/burak/Yedek/InvestSimulator_v2_21.11.2025/Services/Notifications/NotificationManager.swift /Users/burak/Yedek/InvestSimulator_v2_21.11.2025/Services/Simulation/DCAScheduler.swift /Users/burak/Yedek/InvestSimulator_v2_21.11.2025/Services/LocalizationManager.swift /Users/burak/Yedek/InvestSimulator_v2_21.11.2025/Services/Repositories/PlansRepository.swift /Users/burak/Yedek/InvestSimulator_v2_21.11.2025/Services/Repositories/AssetRepository.swift /Users/burak/Yedek/InvestSimulator_v2_21.11.2025/Services/Repositories/PriceHistoryStore.swift /Users/burak/Yedek/InvestSimulator_v2_21.11.2025/Services/Repositories/ScenariosRepository.swift /Users/burak/Yedek/InvestSimulator_v2_21.11.2025/Services/Export/PDFExporter.swift /Users/burak/Yedek/InvestSimulator_v2_21.11.2025/Services/SettingsManager.swift /Users/burak/Yedek/InvestSimulator_v2_21.11.2025/Services/CoreDataStack.swift /Users/burak/Yedek/InvestSimulator_v2_21.11.2025/Services/CoreData/CoreDataSeeder.swift /Users/burak/Yedek/InvestSimulator_v2_21.11.2025/Services/Security/BiometricAuthManager.swift /Users/burak/Yedek/InvestSimulator_v2_21.11.2025/Utils/NetworkReachability.swift /Users/burak/Yedek/InvestSimulator_v2_21.11.2025/Utils/Extensions.swift /Users/burak/Yedek/InvestSimulator_v2_21.11.2025/Utils/DCA/Date+DCA.swift /Users/burak/Yedek/InvestSimulator_v2_21.11.2025/Utils/DateFormatter+Ext.swift /Users/burak/Yedek/InvestSimulator_v2_21.11.2025/Utils/Logger.swift /Users/burak/Yedek/InvestSimulator_v2_21.11.2025/Services/PriceAPI/WebSocket/Providers/YahooFinanceProvider.swift /Users/burak/Yedek/InvestSimulator_v2_21.11.2025/Services/PriceAPI/WebSocket/Providers/TefasProvider.swift /Users/burak/Yedek/InvestSimulator_v2_21.11.2025/Utils/Enums.swift /Users/burak/Yedek/InvestSimulator_v2_21.11.2025/Utils/MoneyPrecision.swift /Users/burak/Yedek/InvestSimulator_v2_21.11.2025/Utils/MoneyFormatter.swift /Users/burak/Yedek/InvestSimulator_v2_21.11.2025/Utils/Protocols.swift /Users/burak/Yedek/InvestSimulator_v2_21.11.2025/Views/ModernMetricCards.swift /Users/burak/Yedek/InvestSimulator_v2_21.11.2025/Views/PortfolioTabs.swift /Users/burak/Yedek/InvestSimulator_v2_21.11.2025/Views/Charts.swift /Users/burak/Yedek/InvestSimulator_v2_21.11.2025/Views/AssetRow.swift /Users/burak/Yedek/InvestSimulator_v2_21.11.2025/Views/ModernPortfolioCard.swift /Users/burak/Yedek/InvestSimulator_v2_21.11.2025/Views/ToastView.swift /Users/burak/Yedek/InvestSimulator_v2_21.11.2025/Views/PortfolioHeader.swift /Users/burak/Yedek/InvestSimulator_v2_21.11.2025/Utils/Notification+Names.swift /Users/burak/Yedek/InvestSimulator_v2_21.11.2025/Utils/DCA/Decimal+DCA.swift /Users/burak/Yedek/InvestSimulator_v2_21.11.2025/Utils/RetryPolicy.swift /Users/burak/Yedek/InvestSimulator_v2_21.11.2025/Utils/DCA/IstanbulClock.swift /Users/burak/Yedek/InvestSimulator_v2_21.11.2025/Utils/MetricsTracker.swift /Users/burak/Yedek/InvestSimulator_v2_21.11.2025/Models/PlanReminderHistory.swift /Users/burak/Yedek/InvestSimulator_v2_21.11.2025/Services/AssetService.swift /Users/burak/Yedek/InvestSimulator_v2_21.11.2025/Services/DCA/DCAProvider.swift /Users/burak/Yedek/InvestSimulator_v2_21.11.2025/Services/Repositories/LotsRepository.swift /Users/burak/Yedek/InvestSimulator_v2_21.11.2025/Services/Export/CSVExporter.swift /Users/burak/Yedek/InvestSimulator_v2_21.11.2025/Services/Repositories/TradesRepository.swift /Users/burak/Yedek/InvestSimulator_v2_21.11.2025/Services/Notifications/NotificationService.swift /Users/burak/Yedek/InvestSimulator_v2_21.11.2025/Models/Portfolio.swift /Users/burak/Yedek/InvestSimulator_v2_21.11.2025/Models/DCATrade.swift /Users/burak/Yedek/InvestSimulator_v2_21.11.2025/Models/HoldingLot.swift /Users/burak/Yedek/InvestSimulator_v2_21.11.2025/Services/SubscriptionManager.swift /Users/burak/Yedek/InvestSimulator_v2_21.11.2025/Models/DCA/DCAError.swift /Users/burak/Yedek/InvestSimulator_v2_21.11.2025/Models/Scenario.swift /Users/burak/Yedek/InvestSimulator_v2_21.11.2025/Models/DCA/BreakdownRow.swift /Users/burak/Yedek/InvestSimulator_v2_21.11.2025/Models/Asset.swift /Users/burak/Yedek/InvestSimulator_v2_21.11.2025/Models/PriceHistoryRecord.swift /Users/burak/Yedek/InvestSimulator_v2_21.11.2025/Models/PricePoint.swift /Users/burak/Yedek/InvestSimulator_v2_21.11.2025/Services/Synchronization/CoinGeckoAssetSyncService.swift /Users/burak/Yedek/InvestSimulator_v2_21.11.2025/ViewModels/DashboardVM.swift /Users/burak/Yedek/InvestSimulator_v2_21.11.2025/ViewModels/PlansViewModel.swift /Users/burak/Yedek/InvestSimulator_v2_21.11.2025/ViewModels/PricesViewModel.swift /Users/burak/Yedek/InvestSimulator_v2_21.11.2025/ViewModels/AssetManagementViewModel.swift /Users/burak/Yedek/InvestSimulator_v2_21.11.2025/Models/DCA/AssetAllocation.swift /Users/burak/Yedek/InvestSimulator_v2_21.11.2025/Models/DCA/ScenarioConfig.swift /Users/burak/Yedek/InvestSimulator_v2_21.11.2025/Models/DCA/DealLog.swift /Users/burak/Yedek/InvestSimulator_v2_21.11.2025/Models/DCA/TransactionModels.swift /Users/burak/Yedek/InvestSimulator_v2_21.11.2025/DesignSystem/Shadows.swift /Users/burak/Yedek/InvestSimulator_v2_21.11.2025/DesignSystem/ColorScheme.swift /Users/burak/Yedek/InvestSimulator_v2_21.11.2025/Utils/NavigationAppearance.swift /Users/burak/Yedek/InvestSimulator_v2_21.11.2025/Utils/GoogleAuthService.swift /Users/burak/Yedek/InvestSimulator_v2_21.11.2025/Services/DCA/HistoricalPriceProvider.swift /Users/burak/Yedek/InvestSimulator_v2_21.11.2025/Services/PriceAPI/UnifiedPriceManager.swift /Users/burak/Library/Developer/Xcode/DerivedData/InvestSimulator_v2-cxmhrzfyxyrxgrfkfbjdkbhplrea/Build/Intermediates.noindex/InvestSimulator_v2.build/Debug-iphonesimulator/InvestSimulator_v2.build/DerivedSources/GeneratedAssetSymbols.swift -emit-dependencies-path /Users/burak/Library/Developer/Xcode/DerivedData/InvestSimulator_v2-cxmhrzfyxyrxgrfkfbjdkbhplrea/Build/Intermediates.noindex/InvestSimulator_v2.build/Debug-iphonesimulator/InvestSimulator_v2.build/Objects-normal/arm64/investsimulatorApp.d -emit-const-values-path /Users/burak/Library/Developer/Xcode/DerivedData/InvestSimulator_v2-cxmhrzfyxyrxgrfkfbjdkbhplrea/Build/Intermediates.noindex/InvestSimulator_v2.build/Debug-iphonesimulator/InvestSimulator_v2.build/Objects-normal/arm64/investsimulatorApp.swiftconstvalues -emit-reference-dependencies-path /Users/burak/Library/Developer/Xcode/DerivedData/InvestSimulator_v2-cxmhrzfyxyrxgrfkfbjdkbhplrea/Build/Intermediates.noindex/InvestSimulator_v2.build/Debug-iphonesimulator/InvestSimulator_v2.build/Objects-normal/arm64/investsimulatorApp.swiftdeps -serialize-diagnostics-path /Users/burak/Library/Developer/Xcode/DerivedData/InvestSimulator_v2-cxmhrzfyxyrxgrfkfbjdkbhplrea/Build/Intermediates.noindex/InvestSimulator_v2.build/Debug-iphonesimulator/InvestSimulator_v2.build/Objects-normal/arm64/investsimulatorApp.dia -emit-localized-strings -emit-localized-strings-path /Users/burak/Library/Developer/Xcode/DerivedData/InvestSimulator_v2-cxmhrzfyxyrxgrfkfbjdkbhplrea/Build/Intermediates.noindex/InvestSimulator_v2.build/Debug-iphonesimulator/InvestSimulator_v2.build/Objects-normal/arm64 -target arm64-apple-ios17.0-simulator -module-can-import-version DeveloperToolsSupport 23.0.4 23.0.4 -module-can-import-version SwiftUI 7.0.84.1 7.0.84 -module-can-import-version UIKit 9088.1.113 9088.1.113 -disable-cross-import-overlay-search -swift-module-cross-import AuthenticationServices /Applications/Xcode.app/Contents/Developer/Platforms/iPhoneSimulator.platform/Developer/SDKs/iPhoneSimulator.sdk/System/Cryptexes/OS/System/Library/Frameworks/AuthenticationServices.framework/Modules/AuthenticationServices.swiftcrossimport/SwiftUI.swiftoverlay -swift-module-cross-import AuthenticationServices /Applications/Xcode.app/Contents/Developer/Platforms/iPhoneSimulator.platform/Developer/SDKs/iPhoneSimulator26.0.sdk/System/Library/Frameworks/AuthenticationServices.framework/Modules/AuthenticationServices.swiftcrossimport/SwiftUI.swiftoverlay -swift-module-cross-import CoreData /Applications/Xcode.app/Contents/Developer/Platforms/iPhoneSimulator.platform/Developer/SDKs/iPhoneSimulator.sdk/System/Library/Frameworks/CoreData.framework/Modules/CoreData.swiftcrossimport/CloudKit.swiftoverlay -swift-module-cross-import CoreData /Applications/Xcode.app/Contents/Developer/Platforms/iPhoneSimulator.platform/Developer/SDKs/iPhoneSimulator26.0.sdk/System/Library/Frameworks/CoreData.framework/Modules/CoreData.swiftcrossimport/CloudKit.swiftoverlay -load-resolved-plugin /Applications/Xcode.app/Contents/Developer/Platforms/iPhoneOS.platform/Developer/usr/lib/swift/host/plugins/libFoundationMacros.dylib\#/Applications/Xcode.app/Contents/Developer/Platforms/iPhoneOS.platform/Developer/usr/bin/swift-plugin-server\#FoundationMacros -load-resolved-plugin /Applications/Xcode.app/Contents/Developer/Platforms/iPhoneOS.platform/Developer/usr/lib/swift/host/plugins/libObservationMacros.dylib\#/Applications/Xcode.app/Contents/Developer/Platforms/iPhoneOS.platform/Developer/usr/bin/swift-plugin-server\#ObservationMacros -load-resolved-plugin /Applications/Xcode.app/Contents/Developer/Platforms/iPhoneOS.platform/Developer/usr/lib/swift/host/plugins/libPreviewsMacros.dylib\#/Applications/Xcode.app/Contents/Developer/Platforms/iPhoneOS.platform/Developer/usr/bin/swift-plugin-server\#PreviewsMacros -load-resolved-plugin /Applications/Xcode.app/Contents/Developer/Platforms/iPhoneOS.platform/Developer/usr/lib/swift/host/plugins/libSwiftMacros.dylib\#/Applications/Xcode.app/Contents/Developer/Platforms/iPhoneOS.platform/Developer/usr/bin/swift-plugin-server\#SwiftMacros -load-resolved-plugin /Applications/Xcode.app/Contents/Developer/Platforms/iPhoneOS.platform/Developer/usr/lib/swift/host/plugins/libSwiftUIMacros.dylib\#/Applications/Xcode.app/Contents/Developer/Platforms/iPhoneOS.platform/Developer/usr/bin/swift-plugin-server\#SwiftUIMacros -disable-implicit-swift-modules -Xcc -fno-implicit-modules -Xcc -fno-implicit-module-maps -explicit-swift-module-map-file /Users/burak/Library/Developer/Xcode/DerivedData/InvestSimulator_v2-cxmhrzfyxyrxgrfkfbjdkbhplrea/Build/Intermediates.noindex/InvestSimulator_v2.build/Debug-iphonesimulator/InvestSimulator_v2.build/Objects-normal/arm64/InvestSimulator_v2-dependencies-2.json -Xllvm -aarch64-use-tbi -enable-objc-interop -sdk /Applications/Xcode.app/Contents/Developer/Platforms/iPhoneSimulator.platform/Developer/SDKs/iPhoneSimulator26.0.sdk -I /Users/burak/Library/Developer/Xcode/DerivedData/InvestSimulator_v2-cxmhrzfyxyrxgrfkfbjdkbhplrea/Build/Products/Debug-iphonesimulator -F /Users/burak/Library/Developer/Xcode/DerivedData/InvestSimulator_v2-cxmhrzfyxyrxgrfkfbjdkbhplrea/Build/Products/Debug-iphonesimulator/PackageFrameworks -F /Users/burak/Library/Developer/Xcode/DerivedData/InvestSimulator_v2-cxmhrzfyxyrxgrfkfbjdkbhplrea/Build/Products/Debug-iphonesimulator/PackageFrameworks -F /Users/burak/Library/Developer/Xcode/DerivedData/InvestSimulator_v2-cxmhrzfyxyrxgrfkfbjdkbhplrea/Build/Products/Debug-iphonesimulator/PackageFrameworks -F /Users/burak/Library/Developer/Xcode/DerivedData/InvestSimulator_v2-cxmhrzfyxyrxgrfkfbjdkbhplrea/Build/Products/Debug-iphonesimulator/PackageFrameworks -F /Users/burak/Library/Developer/Xcode/DerivedData/InvestSimulator_v2-cxmhrzfyxyrxgrfkfbjdkbhplrea/Build/Products/Debug-iphonesimulator/PackageFrameworks -F /Users/burak/Library/Developer/Xcode/DerivedData/InvestSimulator_v2-cxmhrzfyxyrxgrfkfbjdkbhplrea/Build/Products/Debug-iphonesimulator/PackageFrameworks -F /Users/burak/Library/Developer/Xcode/DerivedData/InvestSimulator_v2-cxmhrzfyxyrxgrfkfbjdkbhplrea/Build/Products/Debug-iphonesimulator/PackageFrameworks -F /Users/burak/Library/Developer/Xcode/DerivedData/InvestSimulator_v2-cxmhrzfyxyrxgrfkfbjdkbhplrea/Build/Products/Debug-iphonesimulator/PackageFrameworks -F /Users/burak/Library/Developer/Xcode/DerivedData/InvestSimulator_v2-cxmhrzfyxyrxgrfkfbjdkbhplrea/Build/Products/Debug-iphonesimulator/PackageFrameworks -F /Users/burak/Library/Developer/Xcode/DerivedData/InvestSimulator_v2-cxmhrzfyxyrxgrfkfbjdkbhplrea/Build/Products/Debug-iphonesimulator/PackageFrameworks -F /Users/burak/Library/Developer/Xcode/DerivedData/InvestSimulator_v2-cxmhrzfyxyrxgrfkfbjdkbhplrea/Build/Products/Debug-iphonesimulator/PackageFrameworks -F /Users/burak/Library/Developer/Xcode/DerivedData/InvestSimulator_v2-cxmhrzfyxyrxgrfkfbjdkbhplrea/Build/Products/Debug-iphonesimulator/PackageFrameworks -F /Users/burak/Library/Developer/Xcode/DerivedData/InvestSimulator_v2-cxmhrzfyxyrxgrfkfbjdkbhplrea/Build/Products/Debug-iphonesimulator/PackageFrameworks -F /Users/burak/Library/Developer/Xcode/DerivedData/InvestSimulator_v2-cxmhrzfyxyrxgrfkfbjdkbhplrea/Build/Products/Debug-iphonesimulator/PackageFrameworks -F /Users/burak/Library/Developer/Xcode/DerivedData/InvestSimulator_v2-cxmhrzfyxyrxgrfkfbjdkbhplrea/Build/Products/Debug-iphonesimulator -no-color-diagnostics -Xcc -fno-color-diagnostics -enable-testing -g -debug-info-format\=dwarf -dwarf-version\=4 -module-cache-path /Users/burak/Library/Developer/Xcode/DerivedData/InvestSimulator_v2-cxmhrzfyxyrxgrfkfbjdkbhplrea/Build/Intermediates.noindex/SwiftExplicitPrecompiledModules -swift-version 5 -enforce-exclusivity\=checked -Onone -D DEBUG -serialize-debugging-options -const-gather-protocols-file /Users/burak/Library/Developer/Xcode/DerivedData/InvestSimulator_v2-cxmhrzfyxyrxgrfkfbjdkbhplrea/Build/Intermediates.noindex/InvestSimulator_v2.build/Debug-iphonesimulator/InvestSimulator_v2.build/Objects-normal/arm64/InvestSimulator_v2_const_extract_protocols.json -enable-upcoming-feature DisableOutwardActorInference -enable-upcoming-feature InferSendableFromCaptures -enable-upcoming-feature GlobalActorIsolatedTypesUsability -enable-upcoming-feature MemberImportVisibility -enable-upcoming-feature InferIsolatedConformances -enable-upcoming-feature NonisolatedNonsendingByDefault -enable-experimental-feature DebugDescriptionMacro -enable-bare-slash-regex -default-isolation\=MainActor -empty-abi-descriptor -validate-clang-modules-once -clang-build-session-file /Users/burak/Library/Developer/Xcode/DerivedData/ModuleCache.noindex/Session.modulevalidation -Xcc -working-directory -Xcc /Users/burak/Yedek/InvestSimulator_v2_21.11.2025 -enable-anonymous-context-mangled-names -file-compilation-dir /Users/burak/Yedek/InvestSimulator_v2_21.11.2025 -Xcc -D_LIBCPP_HARDENING_MODE\=_LIBCPP_HARDENING_MODE_DEBUG -Xcc -ivfsstatcache -Xcc /Users/burak/Library/Developer/Xcode/DerivedData/SDKStatCaches.noindex/iphonesimulator26.0-23A339-26257891a6c027eb51374368541b8346.sdkstatcache -Xcc -I/Users/burak/Library/Developer/Xcode/DerivedData/InvestSimulator_v2-cxmhrzfyxyrxgrfkfbjdkbhplrea/Build/Intermediates.noindex/InvestSimulator_v2.build/Debug-iphonesimulator/InvestSimulator_v2.build/swift-overrides.hmap -Xcc -iquote -Xcc /Users/burak/Library/Developer/Xcode/DerivedData/InvestSimulator_v2-cxmhrzfyxyrxgrfkfbjdkbhplrea/Build/Intermediates.noindex/InvestSimulator_v2.build/Debug-iphonesimulator/InvestSimulator_v2.build/InvestSimulator_v2-generated-files.hmap -Xcc -I/Users/burak/Library/Developer/Xcode/DerivedData/InvestSimulator_v2-cxmhrzfyxyrxgrfkfbjdkbhplrea/Build/Intermediates.noindex/InvestSimulator_v2.build/Debug-iphonesimulator/InvestSimulator_v2.build/InvestSimulator_v2-own-target-headers.hmap -Xcc -I/Users/burak/Library/Developer/Xcode/DerivedData/InvestSimulator_v2-cxmhrzfyxyrxgrfkfbjdkbhplrea/Build/Intermediates.noindex/InvestSimulator_v2.build/Debug-iphonesimulator/InvestSimulator_v2.build/InvestSimulator_v2-all-non-framework-target-headers.hmap -Xcc -ivfsoverlay -Xcc /Users/burak/Library/Developer/Xcode/DerivedData/InvestSimulator_v2-cxmhrzfyxyrxgrfkfbjdkbhplrea/Build/Intermediates.noindex/InvestSimulator_v2.build/Debug-iphonesimulator/InvestSimulator_v2-ddac896a405e7d9b1641341a55757cb5-VFS-iphonesimulator/all-product-headers.yaml -Xcc -iquote -Xcc /Users/burak/Library/Developer/Xcode/DerivedData/InvestSimulator_v2-cxmhrzfyxyrxgrfkfbjdkbhplrea/Build/Intermediates.noindex/InvestSimulator_v2.build/Debug-iphonesimulator/InvestSimulator_v2.build/InvestSimulator_v2-project-headers.hmap -Xcc -I/Users/burak/Library/Developer/Xcode/DerivedData/InvestSimulator_v2-cxmhrzfyxyrxgrfkfbjdkbhplrea/Build/Products/Debug-iphonesimulator/include -Xcc -I/Users/burak/Library/Developer/Xcode/DerivedData/InvestSimulator_v2-cxmhrzfyxyrxgrfkfbjdkbhplrea/Build/Intermediates.noindex/InvestSimulator_v2.build/Debug-iphonesimulator/InvestSimulator_v2.build/DerivedSources-normal/arm64 -Xcc -I/Users/burak/Library/Developer/Xcode/DerivedData/InvestSimulator_v2-cxmhrzfyxyrxgrfkfbjdkbhplrea/Build/Intermediates.noindex/InvestSimulator_v2.build/Debug-iphonesimulator/InvestSimulator_v2.build/DerivedSources/arm64 -Xcc -I/Users/burak/Library/Developer/Xcode/DerivedData/InvestSimulator_v2-cxmhrzfyxyrxgrfkfbjdkbhplrea/Build/Intermediates.noindex/InvestSimulator_v2.build/Debug-iphonesimulator/InvestSimulator_v2.build/DerivedSources -Xcc -DDEBUG\=1 -no-auto-bridging-header-chaining -module-name InvestSimulator_v2 -frontend-parseable-output -disable-clang-spi -target-sdk-version 26.0 -target-sdk-name iphonesimulator26.0 -clang-target arm64-apple-ios26.0-simulator -in-process-plugin-server-path /Applications/Xcode.app/Contents/Developer/Toolchains/XcodeDefault.xctoolchain/usr/lib/swift/host/libSwiftInProcPluginServer.dylib -o /Users/burak/Library/Developer/Xcode/DerivedData/InvestSimulator_v2-cxmhrzfyxyrxgrfkfbjdkbhplrea/Build/Intermediates.noindex/InvestSimulator_v2.build/Debug-iphonesimulator/InvestSimulator_v2.build/Objects-normal/arm64/investsimulatorApp.o -index-unit-output-path /InvestSimulator_v2.build/Debug-iphonesimulator/InvestSimulator_v2.build/Objects-normal/arm64/investsimulatorApp.o -index-store-path /Users/burak/Library/Developer/Xcode/DerivedData/InvestSimulator_v2-cxmhrzfyxyrxgrfkfbjdkbhplrea/Index.noindex/DataStore -index-system-modules
SwiftCompile normal x86_64 Compiling\ investsimulatorApp.swift /Users/burak/Yedek/InvestSimulator_v2_21.11.2025/investsimulatorApp.swift (in target 'InvestSimulator_v2' from project 'InvestSimulator_v2')
SwiftCompile normal x86_64 /Users/burak/Yedek/InvestSimulator_v2_21.11.2025/investsimulatorApp.swift (in target 'InvestSimulator_v2' from project 'InvestSimulator_v2')
    cd /Users/burak/Yedek/InvestSimulator_v2_21.11.2025
    

** BUILD FAILED **


The following build commands failed:
	SwiftCompile normal arm64 /Users/burak/Yedek/InvestSimulator_v2_21.11.2025/investsimulatorApp.swift (in target 'InvestSimulator_v2' from project 'InvestSimulator_v2')
	SwiftCompile normal arm64 Compiling\ investsimulatorApp.swift /Users/burak/Yedek/InvestSimulator_v2_21.11.2025/investsimulatorApp.swift (in target 'InvestSimulator_v2' from project 'InvestSimulator_v2')
	Building project InvestSimulator_v2 with scheme InvestSimulator_v2
(3 failures)
